libandroid-navigation/build/intermediates/manifest_merge_blame_file/release/manifest-merger-blame-release-report.txt
1<?xml version="1.0" encoding="utf-8"?>
2<manifest xmlns:android="http://schemas.android.com/apk/res/android"
3    xmlns:tools="http://schemas.android.com/tools"
4    package="com.mapbox.services.android.navigation" >
5
6    <uses-sdk
7        android:minSdkVersion="14"
7-->src/main/AndroidManifest.xml
8        android:targetSdkVersion="29" />
8-->src/main/AndroidManifest.xml
9
10    <application>
10-->src/main/AndroidManifest.xml:5:5-9:19
11        <service android:name="com.mapbox.services.android.navigation.v5.navigation.NavigationService" />
11-->src/main/AndroidManifest.xml:6:9-105
11-->src/main/AndroidManifest.xml:6:18-103
12        <!-- Include the telemetry service to simplify set up (https://www.mapbox.com/telemetry) -->
13        <service android:name="com.mapbox.services.android.telemetry.service.TelemetryService" />
13-->src/main/AndroidManifest.xml:8:9-97
13-->src/main/AndroidManifest.xml:8:18-95
14    </application>
15
16</manifest>